<?xml version="1.0" encoding="UTF-8"?>
<testng-results ignored="0" total="0" passed="0" failed="0" skipped="0">
  <reporter-output>
  </reporter-output>
  <suite started-at="2022-08-27T22:31:27 EEST" name="tests.BaseTest" finished-at="2022-08-27T22:31:27 EEST" duration-ms="28">
    <groups>
    </groups>
    <test started-at="2022-08-27T22:31:27 EEST" name="Command line test" finished-at="2022-08-27T22:31:27 EEST" duration-ms="28">
    </test> <!-- Command line test -->
  </suite> <!-- tests.BaseTest -->
</testng-results>
